Igglybuff Микрочел из команды синих вступает в бой!
MimeJr Бэбс из команды зеленых вступает в бой!
MimeJr Бэбс использует Wake-Up Slap. 
Igglybuff Микрочел теряет 9 здоровья.

Igglybuff Микрочел использует Swagger. 
MimeJr Бэбс увеличивает атаку.

MimeJr Бэбс растерянно попадает по себе. 
MimeJr Бэбс теряет 9 здоровья.

Igglybuff Микрочел использует Swagger. 
MimeJr Бэбс увеличивает атаку.

MimeJr Бэбс использует IcyWind. 
Критический удар!
Igglybuff Микрочел теряет 24 здоровья.
Igglybuff Микрочел уменьшает скорость.

Igglybuff Микрочел использует Sing. 
MimeJr Бэбс засыпает

MimeJr Бэбс использует IcyWind. 
Igglybuff Микрочел теряет 10 здоровья.
Igglybuff Микрочел уменьшает скорость.
Igglybuff Микрочел теряет сознание.
Jigglypuff Дефолтчел из команды синих вступает в бой!
MimeJr Бэбс растерянно попадает по себе. 
MimeJr Бэбс теряет 11 здоровья.

Jigglypuff Дефолтчел использует Sing. 
MimeJr Бэбс засыпает

MimeJr Бэбс использует IcyWind. 
Jigglypuff Дефолтчел теряет 7 здоровья.
Jigglypuff Дефолтчел уменьшает скорость.

Jigglypuff Дефолтчел использует Sing. 
MimeJr Бэбс засыпает

MimeJr Бэбс использует IcyWind. 
Jigglypuff Дефолтчел теряет 8 здоровья.
Jigglypuff Дефолтчел уменьшает скорость.

Jigglypuff Дефолтчел использует Pound. 
Критический удар!
MimeJr Бэбс теряет 14 здоровья.
MimeJr Бэбс теряет сознание.
MrMime Папич из команды зеленых вступает в бой!
Jigglypuff Дефолтчел использует Pound. 
Критический удар!
MrMime Папич теряет 10 здоровья.

MrMime Папич использует IcyWind. 
Jigglypuff Дефолтчел теряет 54 здоровья.
Jigglypuff Дефолтчел уменьшает скорость.
Jigglypuff Дефолтчел теряет сознание.
Wigglytuff Макрочел из команды синих вступает в бой!
MrMime Папич использует Psywave. 
Wigglytuff Макрочел теряет 18 здоровья.

Wigglytuff Макрочел использует Double Slap. 
MrMime Папич теряет 8 здоровья.

MrMime Папич использует Psywave. 
Wigglytuff Макрочел теряет 31 здоровья.

Wigglytuff Макрочел использует Pound. 
MrMime Папич теряет 12 здоровья.

MrMime Папич использует Barrier. 
MrMime Папич увеличивает защиту.

Wigglytuff Макрочел использует Swagger. 
MrMime Папич увеличивает атаку.

MrMime Папич растерянно попадает по себе. 
MrMime Папич теряет 13 здоровья.

Wigglytuff Макрочел использует Double Slap. 
MrMime Папич теряет 4 здоровья.

MrMime Папич использует Wake-Up Slap. 
Wigglytuff Макрочел теряет 19 здоровья.

Wigglytuff Макрочел использует Double Slap. 
MrMime Папич теряет 7 здоровья.

MrMime Папич растерянно попадает по себе. 
MrMime Папич теряет 9 здоровья.
MrMime Папич теряет сознание.
Pheromosa Неономи из команды зеленых вступает в бой!
Wigglytuff Макрочел использует Pound. 
Pheromosa Неономи теряет 24 здоровья.


Pheromosa Неономи использует Stone Edge. 
Wigglytuff Макрочел теряет 13 здоровья.

Wigglytuff Макрочел использует Double Slap. 
Pheromosa Неономи теряет 11 здоровья.

Pheromosa Неономи использует Confide. 
Wigglytuff Макрочел уменьшает атаку.

Wigglytuff Макрочел использует Pound. 
Pheromosa Неономи теряет 32 здоровья.
Pheromosa Неономи теряет сознание.
В команде зеленых не осталось покемонов.
Команда синих побеждает в этом бою!
